# JRE version: OpenJDK Runtime Environment (15.0+36) (build 15+36-1562)
# Java VM: OpenJDK 64-Bit Server VM (15+36-1562, mixed mode, sharing, tiered, compressed oops, g1 gc, windows-amd64)
GC Precious Log:
 CPUs: 2 total, 2 available
 Memory: 8081M
 Large Page Support: Disabled
 NUMA Support: Disabled
 Compressed Oops: Enabled (32-bit)
 Heap Region Size: 1M
 Heap Min Capacity: 8M
 Heap Initial Capacity: 128M
 Heap Max Capacity: 2022M
 Pre-touch: Disabled
 Parallel Workers: 2
 Concurrent Workers: 1
 Concurrent Refinement Workers: 2
 Periodic GC: Disabled
Heap:
 garbage-first heap   total 131072K, used 14133K [0x0000000081a00000, 0x0000000100000000)
  region size 1024K, 9 young (9216K), 2 survivors (2048K)
 Metaspace       used 16045K, capacity 16274K, committed 16512K, reserved 1064960K
  class space    used 1731K, capacity 1809K, committed 1920K, reserved 1048576K
GC Heap History (6 events):
Event: 1.315 GC heap before
{Heap before GC invocations=0 (full 0):
 garbage-first heap   total 131072K, used 6144K [0x0000000081a00000, 0x0000000100000000)
  region size 1024K, 6 young (6144K), 0 survivors (0K)
 Metaspace       used 9477K, capacity 9698K, committed 9984K, reserved 1058816K
  class space    used 1138K, capacity 1196K, committed 1280K, reserved 1048576K
}
Event: 1.327 GC heap after
{Heap after GC invocations=1 (full 0):
 garbage-first heap   total 131072K, used 2284K [0x0000000081a00000, 0x0000000100000000)
  region size 1024K, 1 young (1024K), 1 survivors (1024K)
 Metaspace       used 9477K, capacity 9698K, committed 9984K, reserved 1058816K
  class space    used 1138K, capacity 1196K, committed 1280K, reserved 1048576K
}
Event: 1.903 GC heap before
{Heap before GC invocations=1 (full 0):
 garbage-first heap   total 131072K, used 6380K [0x0000000081a00000, 0x0000000100000000)
  region size 1024K, 6 young (6144K), 1 survivors (1024K)
 Metaspace       used 11717K, capacity 12014K, committed 12288K, reserved 1060864K
  class space    used 1345K, capacity 1456K, committed 1536K, reserved 1048576K
}
Event: 1.911 GC heap after
{Heap after GC invocations=2 (full 0):
 garbage-first heap   total 131072K, used 3218K [0x0000000081a00000, 0x0000000100000000)
  region size 1024K, 1 young (1024K), 1 survivors (1024K)
 Metaspace       used 11717K, capacity 12014K, committed 12288K, reserved 1060864K
  class space    used 1345K, capacity 1456K, committed 1536K, reserved 1048576K
}
Event: 153.556 GC heap before
{Heap before GC invocations=2 (full 0):
 garbage-first heap   total 131072K, used 13458K [0x0000000081a00000, 0x0000000100000000)
  region size 1024K, 9 young (9216K), 1 survivors (1024K)
 Metaspace       used 14942K, capacity 15217K, committed 15360K, reserved 1062912K
  class space    used 1638K, capacity 1713K, committed 1792K, reserved 1048576K
}
Event: 153.567 GC heap after
{Heap after GC invocations=3 (full 0):
 garbage-first heap   total 131072K, used 7989K [0x0000000081a00000, 0x0000000100000000)
  region size 1024K, 2 young (2048K), 2 survivors (2048K)
 Metaspace       used 14942K, capacity 15217K, committed 15360K, reserved 1062912K
  class space    used 1638K, capacity 1713K, committed 1792K, reserved 1048576K
}

